# Production log — cartographier-processus-avant-automatiser
Date : 2026-07-02 09:26
Worker : @article-producer

## Étapes
- [✓] /seo-write    : draft écrit (content/_drafts/blog/cartographier-processus-avant-automatiser.draft.md, 1372 mots)
- [✓] /humanizer    : 9 em dashes corrigés, voix/première personne ajoutée, 1 relecture accents/patterns IA
- [✓] /seo-enrich   : src/content/blog/cartographier-processus-avant-automatiser.md créé (~7.5 kB), schema BlogPosting+FAQPage auto-généré par le template, build Astro OK (208 pages, 0 erreur)
- [✓] /seo-review   : 17/18 critères PASS, 0 bloquant (1 FAIL non-bloquant : citation d'expert absente, justifiée par le brief qui ne fournit aucune source externe)
- [✓] /generate-cover : public/images/blog/cartographier-processus-avant-automatiser.webp (39 kB, pipeline template, aucun appel API)

## Statut final
SUCCESS — article prêt à publier (pubDate dans frontmatter : 2026-09-07)

Note : l'article n'apparaît pas encore dans le build de production car pubDate (2026-09-07) est
postérieure à la date courante (2026-07-02) — comportement voulu du gate isPublished() du site
(cadence de publication programmée). Il sera automatiquement inclus au prochain rebuild après
cette date.

## Bloquants éventuels
Aucun bloquant critique.

Point mineur (non-bloquant, GEO critère 18) : pas de citation d'expert attribuée dans le corps
(levier Quotation Addition +41%). Le brief indique explicitement « Aucune source externe fournie.
Pas de citation à fabriquer. » — conformément à la garde-fou anti-hallucination, aucune citation
n'a été inventée. 1 lien source inline a tout de même été intégré (nLPD, fedlex.admin.ch) sur
les 2-3 recommandés par le levier Cite Sources.

## Maillage retour suggéré (non appliqué — hors scope du worker)
| Page existante | Où insérer | Ancre suggérée |
|---|---|---|
| src/content/blog/comment-choisir-quoi-automatiser-pme.md | Intro ou section méthode | « cartographier ses processus avant de prioriser » |

## Contraintes respectées
- Angle : méthode de cartographie (amont), pas de duplication avec comment-choisir-quoi-automatiser-pme (aval)
- Maillage obligatoire : lien montant vers le pillar (/guides/mettre-en-place-ia-entreprise-guide) + lien latéral (/blog/comment-choisir-quoi-automatiser-pme) — les deux présents
- Aucun lien vers fiche métier utilisé (non pertinent pour cet article, donc omis conformément à la consigne)
- Moat suisse : contexte PME romande + section nLPD (données personnelles dans les processus cartographiés)
- Aucun lead magnet
