# Production log — choisir-categorie-google-business-profile
Date : 2026-05-29 19:37
Worker : @article-producer

## Etapes
- [OK] /seo-write    : draft écrit (1 716 mots)
- [OK] /humanizer    : 9 patterns IA corrigés (em dashes x9, rule of three x2, inline-header list x1, chutes génériques x2, conclusion reformulée)
- [OK] /seo-enrich   : src/content/blog/choisir-categorie-google-business-profile.md créé (13.3 kB) — build 191 pages, 0 erreur — article schedulé pubDate 2026-06-12 (filtré par isPublished(), comportement normal)
- [OK] /seo-review   : 0 BLOQUANT, 1 WARN (lien /blog/entrer-top-3-google-maps vers article frère futur, intentionnel et déclaré dans brief cluster) — Score 13/14
- [OK] /generate-cover : public/images/blog/choisir-categorie-google-business-profile.webp (40 kB) — Pipeline T (template, 0 appel API)

## Statut final
SUCCESS — article prêt à publier (pubDate dans frontmatter : 2026-06-12)

## Bloquants éventuels
Aucun bloquant.

## Warnings
- Lien /blog/entrer-top-3-google-maps : article frère en production simultanée (brief + draft présents). Doit être publié avant le 2026-06-12.
- 2 images inline TODO:image (schema après H2 "Catégories secondaires" + infographic après H2 "Les erreurs"). Images non-photo-réalistes à produire manuellement ou via /generate-images avant publication.

## Maillage retour suggéré
- src/content/blog/creer-fiche-google-my-business-etape-par-etape.md — Étape 2 § "Comment choisir la bonne catégorie" — ancre : "choisir la bonne catégorie Google Business Profile"
- src/content/blog/fiche-google-my-business-guide-complet-2026.md — symptôme catégorie générique — ancre : "le guide complet sur les catégories Google Business Profile"
- src/content/blog/optimiser-fiche-google-my-business-checklist-2026.md — Point 2 catégorie principale — ancre : "notre guide pour choisir ta catégorie"
