# Production log — ia-nlpd-conformite-suisse
Date : 2026-07-01 10:20
Worker : @article-producer

## Étapes
- [OK] /seo-write    : draft écrit dans .briefs/ia-nlpd-conformite-suisse.draft.md (~2480 mots)
- [OK] /humanizer    : draft humanisé en place, 8 corrections appliquées (4x "Concrètement" en début de phrase varié, 6 bolds dupliqués retirés — nLPD/agent IA/Préposé fédéral/1er septembre 2023 gardés à leur première occurrence uniquement). Aucun em dash détecté, aucun tiret double, aucune curly quote.
- [OK] /seo-enrich   : src/content/blog/ia-nlpd-conformite-suisse.md créé (~19.2 kB, ~2463 mots de corps). Frontmatter validé (title 48 car., description 129 car., h1 distinct du title à 87 car., 7 FAQ, category "automatisation", tags kebab-case, draft: false, pubDate: 2026-08-24). Schema.org (BlogPosting + FAQPage) généré automatiquement par le template `src/pages/blog/[slug].astro`, pas de duplication manuelle nécessaire.
- [OK] /seo-review   : 0 bloquant critique. 2 points non-bloquants signalés et justifiés (voir Bloquants éventuels).
- [OK] /generate-cover : public/images/blog/ia-nlpd-conformite-suisse.webp généré via pipeline template (aucun appel API), ~34.3 kB.

## Statut final
SUCCESS — article prêt à publier (pubDate dans frontmatter : 2026-08-24, publication différée jusqu'à cette date par le mécanisme isPublished() du site — comportement attendu, cf. cadence lundi/vendredi).

## Vérifications spécifiques demandées par le brief
- Aucune image inline (`![...]`) dans le corps : confirmé, 0 occurrence. Seule référence image = frontmatter `image.url` pointant vers la cover générée.
- Disclaimer "pas un conseil juridique" : présent 3x (intro, H2 "La nLPD c'est quoi", FAQ finale). Aucun article de loi précis ni montant d'amende inventé — uniquement nLPD (loi fédérale), 1er septembre 2023, et PFPDT mentionnés, conformément aux "Données brutes" du brief.
- Maillage obligatoire : lien vers /blog/automatisation-pme-suisse-guide-complet (intro, hub info) — présent. Liens vers /metiers/ia-fiduciaire et /consultant-ia — présents (le second en CTA de conclusion, format `/contact?utm_source=...` selon le contrat de fin d'article standard du pipeline, cohérent avec les autres articles publiés du cluster).
- Chiffres CHF : aucun mentionné dans cet article (sujet nLPD, hors périmètre prix — conforme au brief qui précise "Aucune fourchette de prix propre à cet article").
- Slug contractuel : /blog/ia-nlpd-conformite-suisse confirmé identique au lien câblé en dur dans src/data/metiers-ia.ts (ligne 257).
- Build : `npm run build` → exit code 0, 208 pages construites, 0 erreur, 0 warning.

## Bloquants éventuels
Aucun bloquant critique. Deux points signalés en revue, non-bloquants et justifiés par les contraintes explicites du brief :
1. GEO — Citation d'expert attribuée (Quotation Addition) : absente. Le brief indique explicitement "Aucune citation d'expert externe fournie" et interdit toute fabrication de citation. Respect du garde-fou anti-hallucination > optimisation GEO ponctuelle.
2. GEO — Densité factuelle chiffrée : en dessous du seuil idéal de 5 données chiffrées/1000 mots (sujet réglementaire de niche, le brief interdit explicitement d'inventer des montants d'amende ou des références légales précises). Les données chiffrées présentes (1er septembre 2023, nombres d'actions/points des check-lists) sont toutes vérifiables et non inventées.
