# Production log — projet-pilote-ia-30-jours
Date : 2026-07-02 09:06
Worker : @article-producer

## Étapes
- [✓] /seo-write    : draft écrit (1824 mots) — content/_drafts/blog/projet-pilote-ia-30-jours.draft.md (+ copie legacy src/content/blog/.briefs/)
- [✓] /humanizer    : 10 patterns IA corrigés (em dashes → virgules/deux-points/parenthèses ; aucun autre pattern IA détecté)
- [✓] /seo-enrich   : src/content/blog/projet-pilote-ia-30-jours.md créé — frontmatter complet, category: automatisation, faqs (5), schema géré automatiquement par le template Astro ([...slug].astro : BlogPosting + FAQPage). Correction appliquée : suppression du H1 markdown dupliqué dans le corps (le layout génère déjà le H1 depuis le frontmatter) + rééquilibrage du bold (5 occurrences de "projet pilote IA" ramenées à 1, ajout de 6 bolds sur entités distinctes pour respecter le minimum 10-15 bolds sans doublon).
- [✓] /seo-review   : 17/18 critères PASS, 1 warning non bloquant (voir ci-dessous), 0 bloquant critique
- [✓] /generate-cover : public/images/blog/projet-pilote-ia-30-jours.webp créé (32 kB, preset blog-cover-template, source template, aucun appel API)

## Statut final
SUCCESS — article prêt à publier. pubDate dans frontmatter : 2026-08-21.

## Bloquants éventuels
- Warning /seo-review (non bloquant) : critère 18 (GEO — citation d'expert + sources inline) en FAIL. Le brief indique explicitement "aucune source externe fournie" et demande formellement de ne pas inventer de citation ni de statistique sourcée. Garde-fou respecté : aucune citation fabriquée, aucun lien externe inventé. Gap documenté, acceptable en l'état.
- Note (non bloquante) : l'URL n'apparaîtra dans le sitemap qu'à partir du 2026-08-21 (pubDate future), conformément au workflow de publication programmée du projet (cadence lundi/vendredi, cron rebuild). Le build a été vérifié OK (208 pages, 0 erreur) avant cette date.
- Note (non bloquante) : un TODO:image infographic (causes d'échec) reste en commentaire après le premier H2, à produire via /generate-images en complément, hors périmètre de /generate-cover.

## Maillage appliqué
- Montant (obligatoire) : "guide complet pour mettre l'IA en place dans ton entreprise" → /guides/mettre-en-place-ia-entreprise-guide (intro)
- Latéral : "calcul du gain de temps réel d'une automatisation" → /blog/calculer-gain-temps-automatisation (H2 KPI)
- Latéral : "feuille de route de déploiement d'un agent IA semaine par semaine" → /blog/implementer-agent-ia-etapes (H2 généralisation)
- CTA unique conclusion → /contact?utm_source=blog&utm_medium=article&utm_campaign=projet-pilote-ia-30-jours
- Aucun lead magnet ni infra de capture ajoutés (conforme à la consigne).
